0 info it worked if it ends with ok
1 verbose cli [ 'D:\\新建文件夹\\node.exe',
1 verbose cli   'D:\\新建文件夹\\node_modules\\npm\\bin\\npm-cli.js',
1 verbose cli   'install' ]
2 info using npm@2.14.20
3 info using node@v4.4.0
4 verbose readDependencies loading dependencies from D:\denglu\package.json
5 verbose install where, deps [ 'D:\\denglu',
5 verbose install   [ 'autoprefixer-core',
5 verbose install     'grunt',
5 verbose install     'grunt-angular-templates',
5 verbose install     'grunt-concurrent',
5 verbose install     'grunt-contrib-clean',
5 verbose install     'grunt-contrib-concat',
5 verbose install     'grunt-contrib-connect',
5 verbose install     'grunt-contrib-copy',
5 verbose install     'grunt-contrib-cssmin',
5 verbose install     'grunt-contrib-htmlmin',
5 verbose install     'grunt-contrib-imagemin',
5 verbose install     'grunt-contrib-jshint',
5 verbose install     'grunt-contrib-uglify',
5 verbose install     'grunt-contrib-watch',
5 verbose install     'grunt-filerev',
5 verbose install     'grunt-google-cdn',
5 verbose install     'grunt-jscs',
5 verbose install     'grunt-newer',
5 verbose install     'grunt-ng-annotate',
5 verbose install     'grunt-postcss',
5 verbose install     'grunt-svgmin',
5 verbose install     'grunt-usemin',
5 verbose install     'grunt-wiredep',
5 verbose install     'jit-grunt',
5 verbose install     'time-grunt',
5 verbose install     'jshint-stylish' ] ]
6 verbose install where, peers [ 'D:\\denglu', [] ]
7 verbose installManyTop reading for lifecycle D:\denglu\package.json
8 info preinstall denglu@
9 verbose installManyTop reading scoped package data from D:\denglu\node_modules\autoprefixer-core\package.json
10 verbose installManyTop reading scoped package data from D:\denglu\node_modules\grunt\package.json
11 verbose installManyTop reading scoped package data from D:\denglu\node_modules\grunt-angular-templates\package.json
12 verbose installManyTop reading scoped package data from D:\denglu\node_modules\grunt-concurrent\package.json
13 verbose installManyTop reading scoped package data from D:\denglu\node_modules\grunt-contrib-clean\package.json
14 verbose installManyTop reading scoped package data from D:\denglu\node_modules\grunt-contrib-concat\package.json
15 verbose installManyTop reading scoped package data from D:\denglu\node_modules\grunt-contrib-connect\package.json
16 verbose installManyTop reading scoped package data from D:\denglu\node_modules\grunt-contrib-copy\package.json
17 verbose installManyTop reading scoped package data from D:\denglu\node_modules\grunt-contrib-cssmin\package.json
18 verbose installManyTop reading scoped package data from D:\denglu\node_modules\grunt-contrib-htmlmin\package.json
19 verbose installManyTop reading scoped package data from D:\denglu\node_modules\grunt-contrib-imagemin\package.json
20 verbose installManyTop reading scoped package data from D:\denglu\node_modules\grunt-contrib-jshint\package.json
21 verbose installManyTop reading scoped package data from D:\denglu\node_modules\grunt-contrib-uglify\package.json
22 verbose installManyTop reading scoped package data from D:\denglu\node_modules\grunt-contrib-watch\package.json
23 verbose installManyTop reading scoped package data from D:\denglu\node_modules\grunt-filerev\package.json
24 verbose installManyTop reading scoped package data from D:\denglu\node_modules\grunt-google-cdn\package.json
25 verbose installManyTop reading scoped package data from D:\denglu\node_modules\grunt-jscs\package.json
26 verbose installManyTop reading scoped package data from D:\denglu\node_modules\grunt-newer\package.json
27 verbose installManyTop reading scoped package data from D:\denglu\node_modules\grunt-ng-annotate\package.json
28 verbose installManyTop reading scoped package data from D:\denglu\node_modules\grunt-postcss\package.json
29 verbose installManyTop reading scoped package data from D:\denglu\node_modules\grunt-svgmin\package.json
30 verbose installManyTop reading scoped package data from D:\denglu\node_modules\grunt-usemin\package.json
31 verbose installManyTop reading scoped package data from D:\denglu\node_modules\grunt-wiredep\package.json
32 verbose installManyTop reading scoped package data from D:\denglu\node_modules\jasmine-core\package.json
33 verbose installManyTop reading scoped package data from D:\denglu\node_modules\jit-grunt\package.json
34 verbose installManyTop reading scoped package data from D:\denglu\node_modules\jshint-stylish\package.json
35 verbose installManyTop reading scoped package data from D:\denglu\node_modules\karma\package.json
36 verbose installManyTop reading scoped package data from D:\denglu\node_modules\karma-jasmine\package.json
37 verbose installManyTop reading scoped package data from D:\denglu\node_modules\karma-phantomjs-launcher\package.json
38 verbose installManyTop reading scoped package data from D:\denglu\node_modules\phantomjs-prebuilt\package.json
39 verbose installManyTop reading scoped package data from D:\denglu\node_modules\time-grunt\package.json
40 info package.json grunt-contrib-clean@0.6.0 No license field.
41 info package.json grunt-contrib-concat@0.5.1 No license field.
42 info package.json grunt@0.4.5 No license field.
43 info package.json grunt-contrib-copy@0.7.0 No license field.
44 info package.json grunt-contrib-cssmin@0.12.3 No license field.
45 info package.json grunt-contrib-connect@0.9.0 No license field.
46 info package.json grunt-contrib-htmlmin@0.4.0 No license field.
47 info package.json grunt-filerev@2.3.1 license should be a valid SPDX license expression
48 info package.json grunt-google-cdn@0.4.3 license should be a valid SPDX license expression
49 info package.json grunt-contrib-uglify@0.7.0 No license field.
50 info package.json grunt-contrib-watch@0.6.1 No license field.
51 info package.json grunt-svgmin@2.0.1 No license field.
52 info package.json grunt-angular-templates@0.5.9 No license field.
53 info package.json grunt-wiredep@2.0.0 No license field.
54 verbose readDependencies loading dependencies from D:\denglu\package.json
55 verbose targetResolver reading package data from D:\denglu\node_modules\autoprefixer-core\package.json
56 verbose targetResolver reading package data from D:\denglu\node_modules\grunt\package.json
57 verbose targetResolver reading package data from D:\denglu\node_modules\grunt-angular-templates\package.json
58 verbose targetResolver reading package data from D:\denglu\node_modules\grunt-concurrent\package.json
59 verbose targetResolver reading package data from D:\denglu\node_modules\grunt-contrib-clean\package.json
60 verbose targetResolver reading package data from D:\denglu\node_modules\grunt-contrib-concat\package.json
61 verbose targetResolver reading package data from D:\denglu\node_modules\grunt-contrib-connect\package.json
62 verbose targetResolver reading package data from D:\denglu\node_modules\grunt-contrib-copy\package.json
63 verbose targetResolver reading package data from D:\denglu\node_modules\grunt-contrib-cssmin\package.json
64 verbose targetResolver reading package data from D:\denglu\node_modules\grunt-contrib-htmlmin\package.json
65 verbose targetResolver reading package data from D:\denglu\node_modules\grunt-contrib-imagemin\package.json
66 verbose targetResolver reading package data from D:\denglu\node_modules\grunt-contrib-jshint\package.json
67 verbose targetResolver reading package data from D:\denglu\node_modules\grunt-contrib-uglify\package.json
68 verbose targetResolver reading package data from D:\denglu\node_modules\grunt-contrib-watch\package.json
69 verbose targetResolver reading package data from D:\denglu\node_modules\grunt-filerev\package.json
70 verbose targetResolver reading package data from D:\denglu\node_modules\grunt-google-cdn\package.json
71 verbose targetResolver reading package data from D:\denglu\node_modules\grunt-jscs\package.json
72 verbose targetResolver reading package data from D:\denglu\node_modules\grunt-newer\package.json
73 verbose targetResolver reading package data from D:\denglu\node_modules\grunt-ng-annotate\package.json
74 verbose targetResolver reading package data from D:\denglu\node_modules\grunt-postcss\package.json
75 verbose targetResolver reading package data from D:\denglu\node_modules\grunt-svgmin\package.json
76 verbose targetResolver reading package data from D:\denglu\node_modules\grunt-usemin\package.json
77 verbose targetResolver reading package data from D:\denglu\node_modules\grunt-wiredep\package.json
78 verbose targetResolver reading package data from D:\denglu\node_modules\jasmine-core\package.json
79 verbose targetResolver reading package data from D:\denglu\node_modules\jit-grunt\package.json
80 verbose targetResolver reading package data from D:\denglu\node_modules\jshint-stylish\package.json
81 verbose targetResolver reading package data from D:\denglu\node_modules\karma\package.json
82 verbose targetResolver reading package data from D:\denglu\node_modules\karma-jasmine\package.json
83 verbose targetResolver reading package data from D:\denglu\node_modules\karma-phantomjs-launcher\package.json
84 verbose targetResolver reading package data from D:\denglu\node_modules\phantomjs-prebuilt\package.json
85 verbose targetResolver reading package data from D:\denglu\node_modules\time-grunt\package.json
86 verbose targetResolver reading package data from D:\denglu\node_modules\.bin\karma\package.json
87 verbose targetResolver reading package data from D:\denglu\node_modules\.bin\karma.cmd\package.json
88 verbose already installed skipping grunt-contrib-clean@^0.6.0 D:\denglu
89 verbose already installed skipping grunt-contrib-concat@^0.5.0 D:\denglu
90 verbose already installed skipping grunt-contrib-connect@^0.9.0 D:\denglu
91 verbose already installed skipping grunt-contrib-copy@^0.7.0 D:\denglu
92 verbose already installed skipping grunt-contrib-cssmin@^0.12.0 D:\denglu
93 verbose already installed skipping grunt-contrib-htmlmin@^0.4.0 D:\denglu
94 verbose already installed skipping grunt-contrib-imagemin@^1.0.0 D:\denglu
95 verbose already installed skipping grunt-contrib-jshint@^0.11.0 D:\denglu
96 verbose already installed skipping grunt-contrib-uglify@^0.7.0 D:\denglu
97 verbose already installed skipping grunt-contrib-watch@^0.6.1 D:\denglu
98 verbose already installed skipping grunt-filerev@^2.1.2 D:\denglu
99 verbose already installed skipping grunt-google-cdn@^0.4.3 D:\denglu
100 verbose already installed skipping grunt-jscs@^1.8.0 D:\denglu
101 verbose already installed skipping grunt-newer@^1.1.0 D:\denglu
102 verbose already installed skipping grunt-ng-annotate@^0.9.2 D:\denglu
103 verbose already installed skipping grunt-postcss@^0.5.5 D:\denglu
104 verbose already installed skipping grunt-svgmin@^2.0.0 D:\denglu
105 verbose already installed skipping grunt-usemin@^3.0.0 D:\denglu
106 verbose already installed skipping grunt-wiredep@^2.0.0 D:\denglu
107 verbose already installed skipping jit-grunt@^0.9.1 D:\denglu
108 verbose already installed skipping time-grunt@^1.0.0 D:\denglu
109 verbose already installed skipping jshint-stylish@^1.0.0 D:\denglu
110 verbose already installed skipping autoprefixer-core@^5.2.1 D:\denglu
111 verbose already installed skipping grunt@^0.4.5 D:\denglu
112 verbose already installed skipping grunt-angular-templates@^0.5.7 D:\denglu
113 verbose already installed skipping grunt-concurrent@^1.0.0 D:\denglu
114 silly install resolved []
115 info build D:\denglu
116 info linkStuff denglu@
117 silly linkStuff denglu@ has D:\ as its parent node_modules
118 verbose linkBins denglu@
119 verbose linkMans denglu@
120 verbose rebuildBundles denglu@
121 verbose rebuildBundles [ '.bin',
121 verbose rebuildBundles   'autoprefixer-core',
121 verbose rebuildBundles   'grunt',
121 verbose rebuildBundles   'grunt-angular-templates',
121 verbose rebuildBundles   'grunt-concurrent',
121 verbose rebuildBundles   'grunt-contrib-clean',
121 verbose rebuildBundles   'grunt-contrib-concat',
121 verbose rebuildBundles   'grunt-contrib-connect',
121 verbose rebuildBundles   'grunt-contrib-copy',
121 verbose rebuildBundles   'grunt-contrib-cssmin',
121 verbose rebuildBundles   'grunt-contrib-htmlmin',
121 verbose rebuildBundles   'grunt-contrib-imagemin',
121 verbose rebuildBundles   'grunt-contrib-jshint',
121 verbose rebuildBundles   'grunt-contrib-uglify',
121 verbose rebuildBundles   'grunt-contrib-watch',
121 verbose rebuildBundles   'grunt-filerev',
121 verbose rebuildBundles   'grunt-google-cdn',
121 verbose rebuildBundles   'grunt-jscs',
121 verbose rebuildBundles   'grunt-newer',
121 verbose rebuildBundles   'grunt-ng-annotate',
121 verbose rebuildBundles   'grunt-postcss',
121 verbose rebuildBundles   'grunt-svgmin',
121 verbose rebuildBundles   'grunt-usemin',
121 verbose rebuildBundles   'grunt-wiredep',
121 verbose rebuildBundles   'jasmine-core',
121 verbose rebuildBundles   'jit-grunt',
121 verbose rebuildBundles   'jshint-stylish',
121 verbose rebuildBundles   'karma',
121 verbose rebuildBundles   'karma-jasmine',
121 verbose rebuildBundles   'karma-phantomjs-launcher',
121 verbose rebuildBundles   'phantomjs-prebuilt',
121 verbose rebuildBundles   'time-grunt' ]
122 verbose rebuild bundle D:\denglu\node_modules\jasmine-core
123 info build D:\denglu\node_modules\jasmine-core
124 info preinstall jasmine-core@2.5.2
125 info linkStuff jasmine-core@2.5.2
126 silly linkStuff jasmine-core@2.5.2 has D:\denglu\node_modules as its parent node_modules
127 verbose linkBins jasmine-core@2.5.2
128 verbose linkMans jasmine-core@2.5.2
129 verbose rebuildBundles jasmine-core@2.5.2
130 info install jasmine-core@2.5.2
131 info postinstall jasmine-core@2.5.2
132 verbose rebuild bundle D:\denglu\node_modules\karma
133 info build D:\denglu\node_modules\karma
134 info preinstall karma@1.3.0
135 info linkStuff karma@1.3.0
136 silly linkStuff karma@1.3.0 has D:\denglu\node_modules as its parent node_modules
137 verbose linkBins karma@1.3.0
138 verbose link bins [ { karma: './bin/karma' },
138 verbose link bins   'D:\\denglu\\node_modules\\.bin',
138 verbose link bins   false ]
139 verbose linkMans karma@1.3.0
140 verbose rebuildBundles karma@1.3.0
141 verbose rebuildBundles [ '.bin',
141 verbose rebuildBundles   'bluebird',
141 verbose rebuildBundles   'body-parser',
141 verbose rebuildBundles   'chokidar',
141 verbose rebuildBundles   'colors',
141 verbose rebuildBundles   'combine-lists',
141 verbose rebuildBundles   'connect',
141 verbose rebuildBundles   'core-js',
141 verbose rebuildBundles   'di',
141 verbose rebuildBundles   'dom-serialize',
141 verbose rebuildBundles   'expand-braces',
141 verbose rebuildBundles   'glob',
141 verbose rebuildBundles   'graceful-fs',
141 verbose rebuildBundles   'http-proxy',
141 verbose rebuildBundles   'isbinaryfile',
141 verbose rebuildBundles   'lodash',
141 verbose rebuildBundles   'log4js',
141 verbose rebuildBundles   'mime',
141 verbose rebuildBundles   'minimatch',
141 verbose rebuildBundles   'optimist',
141 verbose rebuildBundles   'qjobs',
141 verbose rebuildBundles   'range-parser',
141 verbose rebuildBundles   'rimraf',
141 verbose rebuildBundles   'socket.io',
141 verbose rebuildBundles   'source-map',
141 verbose rebuildBundles   'tmp',
141 verbose rebuildBundles   'useragent' ]
142 info install karma@1.3.0
143 info postinstall karma@1.3.0
144 verbose rebuild bundle D:\denglu\node_modules\karma-jasmine
145 info build D:\denglu\node_modules\karma-jasmine
146 info preinstall karma-jasmine@1.0.2
147 info linkStuff karma-jasmine@1.0.2
148 silly linkStuff karma-jasmine@1.0.2 has D:\denglu\node_modules as its parent node_modules
149 verbose linkBins karma-jasmine@1.0.2
150 verbose linkMans karma-jasmine@1.0.2
151 verbose rebuildBundles karma-jasmine@1.0.2
152 info install karma-jasmine@1.0.2
153 info postinstall karma-jasmine@1.0.2
154 verbose rebuild bundle D:\denglu\node_modules\karma-phantomjs-launcher
155 info build D:\denglu\node_modules\karma-phantomjs-launcher
156 info preinstall karma-phantomjs-launcher@1.0.2
157 info linkStuff karma-phantomjs-launcher@1.0.2
158 silly linkStuff karma-phantomjs-launcher@1.0.2 has D:\denglu\node_modules as its parent node_modules
159 verbose linkBins karma-phantomjs-launcher@1.0.2
160 verbose linkMans karma-phantomjs-launcher@1.0.2
161 verbose rebuildBundles karma-phantomjs-launcher@1.0.2
162 verbose rebuildBundles [ 'lodash' ]
163 info install karma-phantomjs-launcher@1.0.2
164 info postinstall karma-phantomjs-launcher@1.0.2
165 verbose rebuild bundle D:\denglu\node_modules\phantomjs-prebuilt
166 info build D:\denglu\node_modules\phantomjs-prebuilt
167 info preinstall phantomjs-prebuilt@2.1.13
168 info linkStuff phantomjs-prebuilt@2.1.13
169 silly linkStuff phantomjs-prebuilt@2.1.13 has D:\denglu\node_modules as its parent node_modules
170 verbose linkBins phantomjs-prebuilt@2.1.13
171 verbose link bins [ { phantomjs: './bin/phantomjs' },
171 verbose link bins   'D:\\denglu\\node_modules\\.bin',
171 verbose link bins   false ]
172 verbose linkMans phantomjs-prebuilt@2.1.13
173 verbose rebuildBundles phantomjs-prebuilt@2.1.13
174 verbose rebuildBundles [ '.bin',
174 verbose rebuildBundles   'es6-promise',
174 verbose rebuildBundles   'extract-zip',
174 verbose rebuildBundles   'fs-extra',
174 verbose rebuildBundles   'hasha',
174 verbose rebuildBundles   'kew',
174 verbose rebuildBundles   'progress',
174 verbose rebuildBundles   'request',
174 verbose rebuildBundles   'request-progress',
174 verbose rebuildBundles   'which' ]
175 info install phantomjs-prebuilt@2.1.13
176 verbose unsafe-perm in lifecycle true
177 info phantomjs-prebuilt@2.1.13 Failed to exec install script
178 verbose stack Error: phantomjs-prebuilt@2.1.13 install: `node install.js`
178 verbose stack Exit status 1
178 verbose stack     at EventEmitter.<anonymous> (D:\新建文件夹\node_modules\npm\lib\utils\lifecycle.js:214:16)
178 verbose stack     at emitTwo (events.js:87:13)
178 verbose stack     at EventEmitter.emit (events.js:172:7)
178 verbose stack     at ChildProcess.<anonymous> (D:\新建文件夹\node_modules\npm\lib\utils\spawn.js:24:14)
178 verbose stack     at emitTwo (events.js:87:13)
178 verbose stack     at ChildProcess.emit (events.js:172:7)
178 verbose stack     at maybeClose (internal/child_process.js:827:16)
178 verbose stack     at Process.ChildProcess._handle.onexit (internal/child_process.js:211:5)
179 verbose pkgid phantomjs-prebuilt@2.1.13
180 verbose cwd D:\denglu
181 error Windows_NT 10.0.14393
182 error argv "D:\\新建文件夹\\node.exe" "D:\\新建文件夹\\node_modules\\npm\\bin\\npm-cli.js" "install"
183 error node v4.4.0
184 error npm  v2.14.20
185 error code ELIFECYCLE
186 error phantomjs-prebuilt@2.1.13 install: `node install.js`
186 error Exit status 1
187 error Failed at the phantomjs-prebuilt@2.1.13 install script 'node install.js'.
187 error This is most likely a problem with the phantomjs-prebuilt package,
187 error not with npm itself.
187 error Tell the author that this fails on your system:
187 error     node install.js
187 error You can get information on how to open an issue for this project with:
187 error     npm bugs phantomjs-prebuilt
187 error Or if that isn't available, you can get their info via:
187 error
187 error     npm owner ls phantomjs-prebuilt
187 error There is likely additional logging output above.
188 verbose exit [ 1, true ]
